Starting CAP Project Generator...
Using @sap/cds-dk [9.9.1] from /extbin/globals/bun/global/install/node_modules/@sap/cds-dk
Using @sap/generator-cap-project [2.0.6] from [/extbin/globals/bun/global/install/node_modules/@sap/generator-cap-project]
Using root path [/home/user/projects]

Creating project with connectivity, destination, enterprise-messaging, hana, mta, nodejs, portal

Adding facet: nodejs
Adding facet: mta
Adding facet: hana
Adding facet: approuter
Adding facet: enterprise-messaging
Adding facet: connectivity
Adding facet: destination
Adding facet: html5-repo
Adding facet: portal

Successfully initialized CAP project
Continue with: code Partner-Management 


Installing dependencies...

added 259 packages, and audited 260 packages in 4s

39 packages are looking for funding
  run `npm fund` for details

found 0 vulnerabilities

Finished installing dependencies

Done setting up project Partner-Management
Project is ready to use

